17:09:05 09:55:39  INFO : ※程序启动中-----启动日期:※2017-09-05 09:55:493※
17:09:05 09:55:39  INFO : xml获取得到的参数:bdchlw
bdchlw
Hlwsvr-192-bdchlw
jdbc:oracle:thin:@localhost:1521:orcl
pdjhlogin
pdjh12345678
jdbc:sqlserver://192.168.3.232:1433;DatabaseName=ASPDJHS
true
*/15 * * * * ?
NumberInfo
17:09:05 09:55:40  INFO : 执行查询的sql语句为:select yyrxm, yyrzjhm, yyrdhhm, yyxh,yysjd
  from ww_zxyy t
 where (yybh like 'E20170905%'
 or yybh like 'F20170905%')
  and t.yyzt is null
 order by yysjd,yyxh
17:09:05 09:55:40  INFO : 查询到日期为:20170905%的有效数据条数为2条!!
17:09:05 09:55:41  INFO : 数据库sqlserver:ConnectionID:1 ClientConnectionId: 910ba43c-f511-4487-b425-e47a4dce3b69
17:09:05 09:55:41  INFO : 执行插入时发生异常 数据已经回滚!!
17:09:05 09:55:41  INFO : ※程序运行结束----※
17:09:05 09:59:22  INFO : ※程序启动中-----启动日期:※2017-09-05 09:59:347※
17:09:05 09:59:22  INFO : xml获取得到的参数:bdchlw
bdchlw
Hlwsvr-192-bdchlw
jdbc:oracle:thin:@localhost:1521:orcl
pdjhlogin
pdjh12345678
jdbc:sqlserver://192.168.3.232:1433;DatabaseName=ASPDJHS
true
*/15 * * * * ?
NumberInfo
17:09:05 09:59:23  INFO : 执行查询的sql语句为:select yyrxm, yyrzjhm, yyrdhhm, yyxh,yysjd
  from ww_zxyy t
 where (yybh like 'E20170905%'
 or yybh like 'F20170905%')
  and t.yyzt is null
 order by yysjd,yyxh
17:09:05 09:59:23  INFO : 查询到日期为:20170905%的有效数据条数为2条!!
17:09:05 09:59:24  INFO : 数据库sqlserver:ConnectionID:1 ClientConnectionId: cc80ecf0-b620-4434-9e5a-bb6649f7ba1c
17:09:05 09:59:24  INFO : 导入前置库成功!数据已提交!!共导入20170905%日数据共:2条!
17:09:05 09:59:24  INFO : ※程序运行结束----※
17:09:05 10:07:01  INFO : ※程序启动中-----启动日期:※2017-09-05 10:07:676※
17:09:05 10:07:02  INFO : xml获取得到的参数:bdchlw
bdchlw
Hlwsvr-192-bdchlw
jdbc:oracle:thin:@localhost:1521:orcl
pdjhlogin
pdjh12345678
jdbc:sqlserver://192.168.3.232:1433;DatabaseName=ASPDJHS
true
*/15 * * * * ?
NumberInfo
17:09:05 10:07:02  INFO : 执行查询的sql语句为:select yyrxm, yyrzjhm, yyrdhhm, yyxh,yysjd
  from ww_zxyy t
 where (yybh like 'E20170826%'
 or yybh like 'F20170826%')
  and t.yyzt is null
 order by yysjd,yyxh
17:09:05 10:07:02  INFO : 查询到日期为:20170826%的有效数据条数为5条!!
17:09:05 10:07:03  INFO : 数据库sqlserver:ConnectionID:1 ClientConnectionId: b0697558-c340-4609-8251-35417bf47632
17:09:05 10:07:03  INFO : 导入前置库成功!数据已提交!!共导入20170826%日数据共:5条!
17:09:05 10:07:03  INFO : ※程序运行结束----※
17:09:05 10:16:44  INFO : ※程序启动中-----启动日期:※2017-09-05 10:16:371※
17:09:05 10:16:44  INFO : xml获取得到的参数:bdchlw
bdchlw
Hlwsvr-192-bdchlw
jdbc:oracle:thin:@localhost:1521:orcl
pdjhlogin
pdjh12345678
jdbc:sqlserver://192.168.3.232:1433;DatabaseName=ASPDJHS
true
*/15 * * * * ?
NumberInfo
17:09:05 10:16:45  INFO : 执行查询的sql语句为:select yyrxm, yyrzjhm, yyrdhhm, yyxh,yysjd
  from ww_zxyy t
 where (yybh like 'E20170815%'
 or yybh like 'F20170815%')
  and t.yyzt is null
 order by yysjd,yyxh
17:09:05 10:16:45  INFO : 查询到日期为:20170815%的有效数据条数为140条!!
17:09:05 10:16:46  INFO : 数据库sqlserver:ConnectionID:1 ClientConnectionId: d59bbe27-7ad5-4d7e-9b19-268d5dc7bfc6
17:09:05 10:16:50  INFO : 导入前置库成功!数据已提交!!共导入20170815%日数据共:140条!
17:09:05 10:16:50  INFO : ※程序运行结束----※
